0 info it worked if it ends with ok
1 verbose cli [ '/home/tatiana/.nvm/versions/node/v6.10.2/bin/node',
1 verbose cli   '/home/tatiana/.nvm/versions/node/v6.10.2/bin/npm',
1 verbose cli   'install' ]
2 info using npm@3.10.10
3 info using node@v6.10.2
4 silly loadCurrentTree Starting
5 silly install loadCurrentTree
6 silly install readLocalPackageData
7 silly install normalizeTree
8 silly loadCurrentTree Finishing
9 silly loadIdealTree Starting
10 silly install loadIdealTree
11 silly cloneCurrentTree Starting
12 silly install cloneCurrentTreeToIdealTree
13 silly cloneCurrentTree Finishing
14 silly loadShrinkwrap Starting
15 silly install loadShrinkwrap
16 silly loadShrinkwrap Finishing
17 silly loadAllDepsIntoIdealTree Starting
18 silly install loadAllDepsIntoIdealTree
19 silly fetchNamedPackageData canvas-chart
20 silly mapToRegistry name canvas-chart
21 silly mapToRegistry using default registry
22 silly mapToRegistry registry https://registry.npmjs.org/
23 silly mapToRegistry data Result {
23 silly mapToRegistry   raw: 'canvas-chart',
23 silly mapToRegistry   scope: null,
23 silly mapToRegistry   escapedName: 'canvas-chart',
23 silly mapToRegistry   name: 'canvas-chart',
23 silly mapToRegistry   rawSpec: '',
23 silly mapToRegistry   spec: 'latest',
23 silly mapToRegistry   type: 'tag' }
24 silly mapToRegistry uri https://registry.npmjs.org/canvas-chart
25 verbose request uri https://registry.npmjs.org/canvas-chart
26 verbose request no auth needed
27 info attempt registry request try #1 at 6:52:08 PM
28 verbose request using bearer token for auth
29 verbose request id 5e1477f3c7a0d8a3
30 verbose etag "5976346a-2217"
31 verbose lastModified Mon, 24 Jul 2017 17:54:50 GMT
32 http request GET https://registry.npmjs.org/canvas-chart
33 http 304 https://registry.npmjs.org/canvas-chart
34 verbose headers { date: 'Tue, 17 Apr 2018 14:52:23 GMT',
34 verbose headers   via: '1.1 varnish',
34 verbose headers   'cache-control': 'max-age=300',
34 verbose headers   etag: '"5976346a-2217"',
34 verbose headers   age: '0',
34 verbose headers   connection: 'keep-alive',
34 verbose headers   'x-served-by': 'cache-bma7020-BMA',
34 verbose headers   'x-cache': 'MISS',
34 verbose headers   'x-cache-hits': '0',
34 verbose headers   'x-timer': 'S1523976744.738171,VS0,VE858',
34 verbose headers   vary: 'Accept-Encoding, Accept' }
35 silly get cb [ 304,
35 silly get   { date: 'Tue, 17 Apr 2018 14:52:23 GMT',
35 silly get     via: '1.1 varnish',
35 silly get     'cache-control': 'max-age=300',
35 silly get     etag: '"5976346a-2217"',
35 silly get     age: '0',
35 silly get     connection: 'keep-alive',
35 silly get     'x-served-by': 'cache-bma7020-BMA',
35 silly get     'x-cache': 'MISS',
35 silly get     'x-cache-hits': '0',
35 silly get     'x-timer': 'S1523976744.738171,VS0,VE858',
35 silly get     vary: 'Accept-Encoding, Accept' } ]
36 verbose etag https://registry.npmjs.org/canvas-chart from cache
37 verbose get saving canvas-chart to /home/tatiana/.npm/registry.npmjs.org/canvas-chart/.cache.json
38 verbose correctMkdir /home/tatiana/.npm correctMkdir not in flight; initializing
39 silly resolveWithNewModule canvas-chart@1.3.0 checking installable status
40 silly cache add args [ 'canvas-chart@~1.3.0', null ]
41 verbose cache add spec canvas-chart@~1.3.0
42 silly cache add parsed spec Result {
42 silly cache add   raw: 'canvas-chart@~1.3.0',
42 silly cache add   scope: null,
42 silly cache add   escapedName: 'canvas-chart',
42 silly cache add   name: 'canvas-chart',
42 silly cache add   rawSpec: '~1.3.0',
42 silly cache add   spec: '>=1.3.0 <1.4.0',
42 silly cache add   type: 'range' }
43 silly addNamed canvas-chart@>=1.3.0 <1.4.0
44 verbose addNamed ">=1.3.0 <1.4.0" is a valid semver range for canvas-chart
45 silly addNameRange { name: 'canvas-chart', range: '>=1.3.0 <1.4.0', hasData: false }
46 silly mapToRegistry name canvas-chart
47 silly mapToRegistry using default registry
48 silly mapToRegistry registry https://registry.npmjs.org/
49 silly mapToRegistry data Result {
49 silly mapToRegistry   raw: 'canvas-chart',
49 silly mapToRegistry   scope: null,
49 silly mapToRegistry   escapedName: 'canvas-chart',
49 silly mapToRegistry   name: 'canvas-chart',
49 silly mapToRegistry   rawSpec: '',
49 silly mapToRegistry   spec: 'latest',
49 silly mapToRegistry   type: 'tag' }
50 silly mapToRegistry uri https://registry.npmjs.org/canvas-chart
51 verbose addNameRange registry:https://registry.npmjs.org/canvas-chart not in flight; fetching
52 verbose get https://registry.npmjs.org/canvas-chart not expired, no request
53 silly addNameRange number 2 { name: 'canvas-chart', range: '>=1.3.0 <1.4.0', hasData: true }
54 silly addNameRange versions [ 'canvas-chart',
54 silly addNameRange   [ '1.0.0', '1.0.1', '1.1.0', '1.2.0', '1.3.0' ] ]
55 silly addNamed canvas-chart@1.3.0
56 verbose addNamed "1.3.0" is a plain semver version for canvas-chart
57 warn deprecated canvas-chart@1.3.0: No longer maintained
58 silly cache afterAdd canvas-chart@1.3.0
59 verbose afterAdd /home/tatiana/.npm/canvas-chart/1.3.0/package/package.json not in flight; writing
60 verbose correctMkdir /home/tatiana/.npm correctMkdir not in flight; initializing
61 verbose afterAdd /home/tatiana/.npm/canvas-chart/1.3.0/package/package.json written
62 silly fetchNamedPackageData canvas
63 silly mapToRegistry name canvas
64 silly mapToRegistry using default registry
65 silly mapToRegistry registry https://registry.npmjs.org/
66 silly mapToRegistry data Result {
66 silly mapToRegistry   raw: 'canvas',
66 silly mapToRegistry   scope: null,
66 silly mapToRegistry   escapedName: 'canvas',
66 silly mapToRegistry   name: 'canvas',
66 silly mapToRegistry   rawSpec: '',
66 silly mapToRegistry   spec: 'latest',
66 silly mapToRegistry   type: 'tag' }
67 silly mapToRegistry uri https://registry.npmjs.org/canvas
68 verbose request uri https://registry.npmjs.org/canvas
69 verbose request no auth needed
70 info attempt registry request try #1 at 6:52:24 PM
71 verbose request using bearer token for auth
72 verbose etag "5ab40a10-31b79"
73 verbose lastModified Thu, 22 Mar 2018 19:54:56 GMT
74 http request GET https://registry.npmjs.org/canvas
75 http 304 https://registry.npmjs.org/canvas
76 verbose headers { date: 'Tue, 17 Apr 2018 14:52:24 GMT',
76 verbose headers   via: '1.1 varnish',
76 verbose headers   'cache-control': 'max-age=300',
76 verbose headers   etag: '"5ab40a10-31b79"',
76 verbose headers   age: '8950',
76 verbose headers   connection: 'keep-alive',
76 verbose headers   'x-served-by': 'cache-bma7020-BMA',
76 verbose headers   'x-cache': 'HIT',
76 verbose headers   'x-cache-hits': '4',
76 verbose headers   'x-timer': 'S1523976745.905255,VS0,VE0',
76 verbose headers   vary: 'Accept-Encoding, Accept' }
77 silly get cb [ 304,
77 silly get   { date: 'Tue, 17 Apr 2018 14:52:24 GMT',
77 silly get     via: '1.1 varnish',
77 silly get     'cache-control': 'max-age=300',
77 silly get     etag: '"5ab40a10-31b79"',
77 silly get     age: '8950',
77 silly get     connection: 'keep-alive',
77 silly get     'x-served-by': 'cache-bma7020-BMA',
77 silly get     'x-cache': 'HIT',
77 silly get     'x-cache-hits': '4',
77 silly get     'x-timer': 'S1523976745.905255,VS0,VE0',
77 silly get     vary: 'Accept-Encoding, Accept' } ]
78 verbose etag https://registry.npmjs.org/canvas from cache
79 verbose get saving canvas to /home/tatiana/.npm/registry.npmjs.org/canvas/.cache.json
80 verbose correctMkdir /home/tatiana/.npm correctMkdir not in flight; initializing
81 silly resolveWithNewModule canvas@1.6.10 checking installable status
82 silly cache add args [ 'canvas@^1.1.6', null ]
83 verbose cache add spec canvas@^1.1.6
84 silly cache add parsed spec Result {
84 silly cache add   raw: 'canvas@^1.1.6',
84 silly cache add   scope: null,
84 silly cache add   escapedName: 'canvas',
84 silly cache add   name: 'canvas',
84 silly cache add   rawSpec: '^1.1.6',
84 silly cache add   spec: '>=1.1.6 <2.0.0',
84 silly cache add   type: 'range' }
85 silly addNamed canvas@>=1.1.6 <2.0.0
86 verbose addNamed ">=1.1.6 <2.0.0" is a valid semver range for canvas
87 silly addNameRange { name: 'canvas', range: '>=1.1.6 <2.0.0', hasData: false }
88 silly mapToRegistry name canvas
89 silly mapToRegistry using default registry
90 silly mapToRegistry registry https://registry.npmjs.org/
91 silly mapToRegistry data Result {
91 silly mapToRegistry   raw: 'canvas',
91 silly mapToRegistry   scope: null,
91 silly mapToRegistry   escapedName: 'canvas',
91 silly mapToRegistry   name: 'canvas',
91 silly mapToRegistry   rawSpec: '',
91 silly mapToRegistry   spec: 'latest',
91 silly mapToRegistry   type: 'tag' }
92 silly mapToRegistry uri https://registry.npmjs.org/canvas
93 verbose addNameRange registry:https://registry.npmjs.org/canvas not in flight; fetching
94 verbose get https://registry.npmjs.org/canvas not expired, no request
95 silly addNameRange number 2 { name: 'canvas', range: '>=1.1.6 <2.0.0', hasData: true }
96 silly addNameRange versions [ 'canvas',
96 silly addNameRange   [ '0.0.1',
96 silly addNameRange     '0.0.2',
96 silly addNameRange     '0.0.3',
96 silly addNameRange     '0.0.4',
96 silly addNameRange     '0.0.5',
96 silly addNameRange     '0.0.6',
96 silly addNameRange     '0.0.7',
96 silly addNameRange     '0.0.8',
96 silly addNameRange     '0.1.0',
96 silly addNameRange     '0.2.0',
96 silly addNameRange     '0.2.1',
96 silly addNameRange     '0.3.0',
96 silly addNameRange     '0.3.1',
96 silly addNameRange     '0.3.2',
96 silly addNameRange     '0.3.3',
96 silly addNameRange     '0.4.0',
96 silly addNameRange     '0.4.1',
96 silly addNameRange     '0.4.2',
96 silly addNameRange     '0.4.3',
96 silly addNameRange     '0.5.0',
96 silly addNameRange     '0.5.1',
96 silly addNameRange     '0.5.2',
96 silly addNameRange     '0.5.3',
96 silly addNameRange     '0.5.4',
96 silly addNameRange     '0.6.0',
96 silly addNameRange     '0.7.0',
96 silly addNameRange     '0.7.1',
96 silly addNameRange     '0.7.2',
96 silly addNameRange     '0.7.3',
96 silly addNameRange     '0.8.0',
96 silly addNameRange     '0.8.1',
96 silly addNameRange     '0.8.2',
96 silly addNameRange     '0.8.3',
96 silly addNameRange     '0.9.0',
96 silly addNameRange     '0.10.0',
96 silly addNameRange     '0.10.1',
96 silly addNameRange     '0.10.2',
96 silly addNameRange     '0.10.3',
96 silly addNameRange     '0.11.0',
96 silly addNameRange     '0.11.1',
96 silly addNameRange     '0.11.2',
96 silly addNameRange     '0.11.3',
96 silly addNameRange     '0.12.0',
96 silly addNameRange     '0.12.1',
96 silly addNameRange     '0.13.0',
96 silly addNameRange     '0.13.1',
96 silly addNameRange     '1.0.0',
96 silly addNameRange     '1.0.1',
96 silly addNameRange     '1.0.2',
96 silly addNameRange     '1.0.3',
96 silly addNameRange     '1.0.4',
96 silly addNameRange     '1.1.0',
96 silly addNameRange     '1.1.1',
96 silly addNameRange     '1.1.2',
96 silly addNameRange     '1.1.3',
96 silly addNameRange     '1.1.4',
96 silly addNameRange     '1.1.5',
96 silly addNameRange     '1.1.6',
96 silly addNameRange     '1.2.0',
96 silly addNameRange     '1.2.1',
96 silly addNameRange     '1.2.2',
96 silly addNameRange     '1.2.3',
96 silly addNameRange     '1.2.4',
96 silly addNameRange     '1.2.5',
96 silly addNameRange     '1.2.6',
96 silly addNameRange     '1.2.7',
96 silly addNameRange     '1.2.8',
96 silly addNameRange     '1.2.9',
96 silly addNameRange     '1.2.10',
96 silly addNameRange     '1.2.11',
96 silly addNameRange     '1.3.0',
96 silly addNameRange     '1.3.1',
96 silly addNameRange     '1.3.2',
96 silly addNameRange     '1.3.3',
96 silly addNameRange     '1.3.4',
96 silly addNameRange     '1.3.5',
96 silly addNameRange     '1.3.6',
96 silly addNameRange     '1.3.7',
96 silly addNameRange     '1.3.8',
96 silly addNameRange     '1.3.9',
96 silly addNameRange     '1.3.10',
96 silly addNameRange     '1.3.11',
96 silly addNameRange     '1.3.12',
96 silly addNameRange     '1.3.13',
96 silly addNameRange     '1.3.14',
96 silly addNameRange     '1.3.15',
96 silly addNameRange     '1.3.16',
96 silly addNameRange     '1.4.0',
96 silly addNameRange     '1.5.0',
96 silly addNameRange     '1.6.0',
96 silly addNameRange     '1.6.1',
96 silly addNameRange     '1.6.2',
96 silly addNameRange     '1.6.3',
96 silly addNameRange     '1.6.4',
96 silly addNameRange     '1.6.5',
96 silly addNameRange     '2.0.0-alpha.1',
96 silly addNameRange     '2.0.0-alpha.2',
96 silly addNameRange     '1.6.6',
96 silly addNameRange     '2.0.0-alpha.3',
96 silly addNameRange     '2.0.0-alpha.4',
96 silly addNameRange     ... 12 more items ] ]
97 silly addNamed canvas@1.6.10
98 verbose addNamed "1.6.10" is a plain semver version for canvas
99 silly cache afterAdd canvas@1.6.10
100 verbose afterAdd /home/tatiana/.npm/canvas/1.6.10/package/package.json not in flight; writing
101 verbose correctMkdir /home/tatiana/.npm correctMkdir not in flight; initializing
102 verbose afterAdd /home/tatiana/.npm/canvas/1.6.10/package/package.json written
103 silly loadAllDepsIntoIdealTree Finishing
104 silly loadIdealTree Finishing
105 silly currentTree brain_game_project-s256@0.0.1
105 silly currentTree ├── ansi-regex@2.1.1
105 silly currentTree ├── ansi-styles@2.2.1
105 silly currentTree ├── anymatch@1.3.2
105 silly currentTree ├── arr-diff@2.0.0
105 silly currentTree ├── arr-flatten@1.1.0
105 silly currentTree ├── array-unique@0.2.1
105 silly currentTree ├── async-each@1.0.1
105 silly currentTree ├── babel-cli@6.26.0
105 silly currentTree ├── babel-code-frame@6.26.0
105 silly currentTree ├── babel-core@6.26.0
105 silly currentTree ├── babel-generator@6.26.1
105 silly currentTree ├── babel-helper-bindify-decorators@6.24.1
105 silly currentTree ├── babel-helper-builder-binary-assignment-operator-visitor@6.24.1
105 silly currentTree ├── babel-helper-call-delegate@6.24.1
105 silly currentTree ├── babel-helper-define-map@6.26.0
105 silly currentTree ├── babel-helper-explode-assignable-expression@6.24.1
105 silly currentTree ├── babel-helper-explode-class@6.24.1
105 silly currentTree ├── babel-helper-function-name@6.24.1
105 silly currentTree ├── babel-helper-get-function-arity@6.24.1
105 silly currentTree ├── babel-helper-hoist-variables@6.24.1
105 silly currentTree ├── babel-helper-optimise-call-expression@6.24.1
105 silly currentTree ├── babel-helper-regex@6.26.0
105 silly currentTree ├── babel-helper-remap-async-to-generator@6.24.1
105 silly currentTree ├── babel-helper-replace-supers@6.24.1
105 silly currentTree ├── babel-helpers@6.24.1
105 silly currentTree ├── babel-messages@6.23.0
105 silly currentTree ├── babel-plugin-check-es2015-constants@6.22.0
105 silly currentTree ├── babel-plugin-syntax-async-functions@6.13.0
105 silly currentTree ├── babel-plugin-syntax-async-generators@6.13.0
105 silly currentTree ├── babel-plugin-syntax-class-constructor-call@6.18.0
105 silly currentTree ├── babel-plugin-syntax-class-properties@6.13.0
105 silly currentTree ├── babel-plugin-syntax-decorators@6.13.0
105 silly currentTree ├── babel-plugin-syntax-do-expressions@6.13.0
105 silly currentTree ├── babel-plugin-syntax-dynamic-import@6.18.0
105 silly currentTree ├── babel-plugin-syntax-exponentiation-operator@6.13.0
105 silly currentTree ├── babel-plugin-syntax-export-extensions@6.13.0
105 silly currentTree ├── babel-plugin-syntax-function-bind@6.13.0
105 silly currentTree ├── babel-plugin-syntax-object-rest-spread@6.13.0
105 silly currentTree ├── babel-plugin-syntax-trailing-function-commas@6.22.0
105 silly currentTree ├── babel-plugin-transform-async-generator-functions@6.24.1
105 silly currentTree ├── babel-plugin-transform-async-to-generator@6.24.1
105 silly currentTree ├── babel-plugin-transform-class-constructor-call@6.24.1
105 silly currentTree ├── babel-plugin-transform-class-properties@6.24.1
105 silly currentTree ├── babel-plugin-transform-decorators@6.24.1
105 silly currentTree ├── babel-plugin-transform-do-expressions@6.22.0
105 silly currentTree ├── babel-plugin-transform-es2015-arrow-functions@6.22.0
105 silly currentTree ├── babel-plugin-transform-es2015-block-scoped-functions@6.22.0
105 silly currentTree ├── babel-plugin-transform-es2015-block-scoping@6.26.0
105 silly currentTree ├── babel-plugin-transform-es2015-classes@6.24.1
105 silly currentTree ├── babel-plugin-transform-es2015-computed-properties@6.24.1
105 silly currentTree ├── babel-plugin-transform-es2015-destructuring@6.23.0
105 silly currentTree ├── babel-plugin-transform-es2015-duplicate-keys@6.24.1
105 silly currentTree ├── babel-plugin-transform-es2015-for-of@6.23.0
105 silly currentTree ├── babel-plugin-transform-es2015-function-name@6.24.1
105 silly currentTree ├── babel-plugin-transform-es2015-literals@6.22.0
105 silly currentTree ├── babel-plugin-transform-es2015-modules-amd@6.24.1
105 silly currentTree ├── babel-plugin-transform-es2015-modules-commonjs@6.26.0
105 silly currentTree ├── babel-plugin-transform-es2015-modules-systemjs@6.24.1
105 silly currentTree ├── babel-plugin-transform-es2015-modules-umd@6.24.1
105 silly currentTree ├── babel-plugin-transform-es2015-object-super@6.24.1
105 silly currentTree ├── babel-plugin-transform-es2015-parameters@6.24.1
105 silly currentTree ├── babel-plugin-transform-es2015-shorthand-properties@6.24.1
105 silly currentTree ├── babel-plugin-transform-es2015-spread@6.22.0
105 silly currentTree ├── babel-plugin-transform-es2015-sticky-regex@6.24.1
105 silly currentTree ├── babel-plugin-transform-es2015-template-literals@6.22.0
105 silly currentTree ├── babel-plugin-transform-es2015-typeof-symbol@6.23.0
105 silly currentTree ├── babel-plugin-transform-es2015-unicode-regex@6.24.1
105 silly currentTree ├── babel-plugin-transform-exponentiation-operator@6.24.1
105 silly currentTree ├── babel-plugin-transform-export-extensions@6.22.0
105 silly currentTree ├── babel-plugin-transform-function-bind@6.22.0
105 silly currentTree ├── babel-plugin-transform-object-rest-spread@6.26.0
105 silly currentTree ├── babel-plugin-transform-regenerator@6.26.0
105 silly currentTree ├── babel-plugin-transform-strict-mode@6.24.1
105 silly currentTree ├─┬ babel-polyfill@6.26.0
105 silly currentTree │ └── regenerator-runtime@0.10.5
105 silly currentTree ├── babel-preset-env@1.6.1
105 silly currentTree ├── babel-preset-stage-0@6.24.1
105 silly currentTree ├── babel-preset-stage-1@6.24.1
105 silly currentTree ├── babel-preset-stage-2@6.24.1
105 silly currentTree ├── babel-preset-stage-3@6.24.1
105 silly currentTree ├── babel-register@6.26.0
105 silly currentTree ├── babel-runtime@6.26.0
105 silly currentTree ├── babel-template@6.26.0
105 silly currentTree ├── babel-traverse@6.26.0
105 silly currentTree ├── babel-types@6.26.0
105 silly currentTree ├── babylon@6.18.0
105 silly currentTree ├── balanced-match@1.0.0
105 silly currentTree ├── binary-extensions@1.11.0
105 silly currentTree ├── brace-expansion@1.1.11
105 silly currentTree ├── braces@1.8.5
105 silly currentTree ├── browserslist@2.11.3
105 silly currentTree ├── caniuse-lite@1.0.30000830
105 silly currentTree ├── chalk@1.1.3
105 silly currentTree ├── chokidar@1.7.0
105 silly currentTree ├── colors@1.2.1
105 silly currentTree ├── commander@2.15.1
105 silly currentTree ├── concat-map@0.0.1
105 silly currentTree ├── convert-source-map@1.5.1
105 silly currentTree ├── core-js@2.5.5
105 silly currentTree ├── core-util-is@1.0.2
105 silly currentTree ├── debug@2.6.9
105 silly currentTree ├── deepmerge@0.2.10
105 silly currentTree ├── detect-indent@4.0.0
105 silly currentTree ├── electron-to-chromium@1.3.42
105 silly currentTree ├── escape-string-regexp@1.0.5
105 silly currentTree ├── esutils@2.0.2
105 silly currentTree ├── expand-brackets@0.1.5
105 silly currentTree ├── expand-range@1.8.2
105 silly currentTree ├── extglob@0.3.2
105 silly currentTree ├── filename-regex@2.0.1
105 silly currentTree ├── fill-range@2.2.3
105 silly currentTree ├── for-in@1.0.2
105 silly currentTree ├── for-own@0.1.5
105 silly currentTree ├── fs-readdir-recursive@1.1.0
105 silly currentTree ├── fs.realpath@1.0.0
105 silly currentTree ├── fs@0.0.2
105 silly currentTree ├─┬ fsevents@1.1.3
105 silly currentTree │ ├── abbrev@1.1.0
105 silly currentTree │ ├── ajv@4.11.8
105 silly currentTree │ ├── ansi-regex@2.1.1
105 silly currentTree │ ├── aproba@1.1.1
105 silly currentTree │ ├── are-we-there-yet@1.1.4
105 silly currentTree │ ├── asn1@0.2.3
105 silly currentTree │ ├── assert-plus@0.2.0
105 silly currentTree │ ├── asynckit@0.4.0
105 silly currentTree │ ├── aws-sign2@0.6.0
105 silly currentTree │ ├── aws4@1.6.0
105 silly currentTree │ ├── balanced-match@0.4.2
105 silly currentTree │ ├── bcrypt-pbkdf@1.0.1
105 silly currentTree │ ├── block-stream@0.0.9
105 silly currentTree │ ├── boom@2.10.1
105 silly currentTree │ ├── brace-expansion@1.1.7
105 silly currentTree │ ├── buffer-shims@1.0.0
105 silly currentTree │ ├── caseless@0.12.0
105 silly currentTree │ ├── co@4.6.0
105 silly currentTree │ ├── code-point-at@1.1.0
105 silly currentTree │ ├── combined-stream@1.0.5
105 silly currentTree │ ├── concat-map@0.0.1
105 silly currentTree │ ├── console-control-strings@1.1.0
105 silly currentTree │ ├── core-util-is@1.0.2
105 silly currentTree │ ├── cryptiles@2.0.5
105 silly currentTree │ ├─┬ dashdash@1.14.1
105 silly currentTree │ │ └── assert-plus@1.0.0
105 silly currentTree │ ├── debug@2.6.8
105 silly currentTree │ ├── deep-extend@0.4.2
105 silly currentTree │ ├── delayed-stream@1.0.0
105 silly currentTree │ ├── delegates@1.0.0
105 silly currentTree │ ├── detect-libc@1.0.2
105 silly currentTree │ ├── ecc-jsbn@0.1.1
105 silly currentTree │ ├── extend@3.0.1
105 silly currentTree │ ├── extsprintf@1.0.2
105 silly currentTree │ ├── forever-agent@0.6.1
105 silly currentTree │ ├── form-data@2.1.4
105 silly currentTree │ ├── fs.realpath@1.0.0
105 silly currentTree │ ├── fstream-ignore@1.0.5
105 silly currentTree │ ├── fstream@1.0.11
105 silly currentTree │ ├── gauge@2.7.4
105 silly currentTree │ ├─┬ getpass@0.1.7
105 silly currentTree │ │ └── assert-plus@1.0.0
105 silly currentTree │ ├── glob@7.1.2
105 silly currentTree │ ├── graceful-fs@4.1.11
105 silly currentTree │ ├── har-schema@1.0.5
105 silly currentTree │ ├── har-validator@4.2.1
105 silly currentTree │ ├── has-unicode@2.0.1
105 silly currentTree │ ├── hawk@3.1.3
105 silly currentTree │ ├── hoek@2.16.3
105 silly currentTree │ ├── http-signature@1.1.1
105 silly currentTree │ ├── inflight@1.0.6
105 silly currentTree │ ├── inherits@2.0.3
105 silly currentTree │ ├── ini@1.3.4
105 silly currentTree │ ├── is-fullwidth-code-point@1.0.0
105 silly currentTree │ ├── is-typedarray@1.0.0
105 silly currentTree │ ├── isarray@1.0.0
105 silly currentTree │ ├── isstream@0.1.2
105 silly currentTree │ ├── jodid25519@1.0.2
105 silly currentTree │ ├── jsbn@0.1.1
105 silly currentTree │ ├── json-schema@0.2.3
105 silly currentTree │ ├── json-stable-stringify@1.0.1
105 silly currentTree │ ├── json-stringify-safe@5.0.1
105 silly currentTree │ ├── jsonify@0.0.0
105 silly currentTree │ ├─┬ jsprim@1.4.0
105 silly currentTree │ │ └── assert-plus@1.0.0
105 silly currentTree │ ├── mime-db@1.27.0
105 silly currentTree │ ├── mime-types@2.1.15
105 silly currentTree │ ├── minimatch@3.0.4
105 silly currentTree │ ├── minimist@0.0.8
105 silly currentTree │ ├── mkdirp@0.5.1
105 silly currentTree │ ├── ms@2.0.0
105 silly currentTree │ ├── node-pre-gyp@0.6.39
105 silly currentTree │ ├── nopt@4.0.1
105 silly currentTree │ ├── npmlog@4.1.0
105 silly currentTree │ ├── number-is-nan@1.0.1
105 silly currentTree │ ├── oauth-sign@0.8.2
105 silly currentTree │ ├── object-assign@4.1.1
105 silly currentTree │ ├── once@1.4.0
105 silly currentTree │ ├── os-homedir@1.0.2
105 silly currentTree │ ├── os-tmpdir@1.0.2
105 silly currentTree │ ├── osenv@0.1.4
105 silly currentTree │ ├── path-is-absolute@1.0.1
105 silly currentTree │ ├── performance-now@0.2.0
105 silly currentTree │ ├── process-nextick-args@1.0.7
105 silly currentTree │ ├── punycode@1.4.1
105 silly currentTree │ ├── qs@6.4.0
105 silly currentTree │ ├─┬ rc@1.2.1
105 silly currentTree │ │ └── minimist@1.2.0
105 silly currentTree │ ├── readable-stream@2.2.9
105 silly currentTree │ ├── request@2.81.0
105 silly currentTree │ ├── rimraf@2.6.1
105 silly currentTree │ ├── safe-buffer@5.0.1
105 silly currentTree │ ├── semver@5.3.0
105 silly currentTree │ ├── set-blocking@2.0.0
105 silly currentTree │ ├── signal-exit@3.0.2
105 silly currentTree │ ├── sntp@1.0.9
105 silly currentTree │ ├─┬ sshpk@1.13.0
105 silly currentTree │ │ └── assert-plus@1.0.0
105 silly currentTree │ ├── string_decoder@1.0.1
105 silly currentTree │ ├── string-width@1.0.2
105 silly currentTree │ ├── stringstream@0.0.5
105 silly currentTree │ ├── strip-ansi@3.0.1
105 silly currentTree │ ├── strip-json-comments@2.0.1
105 silly currentTree │ ├── tar-pack@3.4.0
105 silly currentTree │ ├── tar@2.2.1
105 silly currentTree │ ├── tough-cookie@2.3.2
105 silly currentTree │ ├── tunnel-agent@0.6.0
105 silly currentTree │ ├── tweetnacl@0.14.5
105 silly currentTree │ ├── uid-number@0.0.6
105 silly currentTree │ ├── util-deprecate@1.0.2
105 silly currentTree │ ├── uuid@3.0.1
105 silly currentTree │ ├── verror@1.3.6
105 silly currentTree │ ├── wide-align@1.1.2
105 silly currentTree │ └── wrappy@1.0.2
105 silly currentTree ├── glob-base@0.3.0
105 silly currentTree ├── glob-parent@2.0.0
105 silly currentTree ├── glob@7.1.2
105 silly currentTree ├── globals@9.18.0
105 silly currentTree ├── graceful-fs@4.1.11
105 silly currentTree ├── has-ansi@2.0.0
105 silly currentTree ├── home-or-tmp@2.0.0
105 silly currentTree ├── inflight@1.0.6
105 silly currentTree ├── inherits@2.0.3
105 silly currentTree ├── invariant@2.2.4
105 silly currentTree ├── is-binary-path@1.0.1
105 silly currentTree ├── is-buffer@1.1.6
105 silly currentTree ├── is-dotfile@1.0.3
105 silly currentTree ├── is-equal-shallow@0.1.3
105 silly currentTree ├── is-extendable@0.1.1
105 silly currentTree ├── is-extglob@1.0.0
105 silly currentTree ├── is-finite@1.0.2
105 silly currentTree ├── is-glob@2.0.1
105 silly currentTree ├── is-number@2.1.0
105 silly currentTree ├── is-posix-bracket@0.1.1
105 silly currentTree ├── is-primitive@2.0.0
105 silly currentTree ├── isarray@1.0.0
105 silly currentTree ├── isobject@2.1.0
105 silly currentTree ├── js-tokens@3.0.2
105 silly currentTree ├── jsesc@1.3.0
105 silly currentTree ├── json5@0.5.1
105 silly currentTree ├── kind-of@3.2.2
105 silly currentTree ├── lodash@4.17.5
105 silly currentTree ├── loose-envify@1.3.1
105 silly currentTree ├── micromatch@2.3.11
105 silly currentTree ├── minimatch@3.0.4
105 silly currentTree ├── minimist@0.0.8
105 silly currentTree ├── mkdirp@0.5.1
105 silly currentTree ├── ms@2.0.0
105 silly currentTree ├── nan@2.10.0
105 silly currentTree ├── normalize-path@2.1.1
105 silly currentTree ├── number-is-nan@1.0.1
105 silly currentTree ├── object-assign@4.1.1
105 silly currentTree ├── object.omit@2.0.1
105 silly currentTree ├── once@1.4.0
105 silly currentTree ├── os-homedir@1.0.2
105 silly currentTree ├── os-tmpdir@1.0.2
105 silly currentTree ├── output-file-sync@1.1.2
105 silly currentTree ├── parse-glob@3.0.4
105 silly currentTree ├── path-is-absolute@1.0.1
105 silly currentTree ├── path@0.4.10
105 silly currentTree ├── preserve@0.2.0
105 silly currentTree ├── private@0.1.8
105 silly currentTree ├── process-nextick-args@2.0.0
105 silly currentTree ├─┬ randomatic@1.1.7
105 silly currentTree │ ├─┬ is-number@3.0.0
105 silly currentTree │ │ └── kind-of@3.2.2
105 silly currentTree │ └── kind-of@4.0.0
105 silly currentTree ├── readable-stream@2.3.6
105 silly currentTree ├── readdirp@2.1.0
105 silly currentTree ├── regenerate@1.3.3
105 silly currentTree ├── regenerator-runtime@0.11.1
105 silly currentTree ├── regenerator-transform@0.10.1
105 silly currentTree ├── regex-cache@0.4.4
105 silly currentTree ├── regexpu-core@2.0.0
105 silly currentTree ├── regjsgen@0.2.0
105 silly currentTree ├─┬ regjsparser@0.1.5
105 silly currentTree │ └── jsesc@0.5.0
105 silly currentTree ├── remove-trailing-separator@1.1.0
105 silly currentTree ├── repeat-element@1.1.2
105 silly currentTree ├── repeat-string@1.6.1
105 silly currentTree ├── repeating@2.0.1
105 silly currentTree ├── safe-buffer@5.1.1
105 silly currentTree ├── semver@5.5.0
105 silly currentTree ├── set-immediate-shim@1.0.1
105 silly currentTree ├── slash@1.0.0
105 silly currentTree ├── source-map-support@0.4.18
105 silly currentTree ├── source-map@0.5.7
105 silly currentTree ├── string_decoder@1.1.1
105 silly currentTree ├── strip-ansi@3.0.1
105 silly currentTree ├── supports-color@2.0.0
105 silly currentTree ├── to-fast-properties@1.0.3
105 silly currentTree ├── trim-right@1.0.1
105 silly currentTree ├── user-home@1.1.1
105 silly currentTree ├── util-deprecate@1.0.2
105 silly currentTree ├── v8flags@2.1.1
105 silly currentTree └── wrappy@1.0.2
106 silly idealTree brain_game_project-s256@0.0.1
106 silly idealTree ├── ansi-regex@2.1.1
106 silly idealTree ├── ansi-styles@2.2.1
106 silly idealTree ├── anymatch@1.3.2
106 silly idealTree ├── arr-diff@2.0.0
106 silly idealTree ├── arr-flatten@1.1.0
106 silly idealTree ├── array-unique@0.2.1
106 silly idealTree ├── async-each@1.0.1
106 silly idealTree ├── babel-cli@6.26.0
106 silly idealTree ├── babel-code-frame@6.26.0
106 silly idealTree ├── babel-core@6.26.0
106 silly idealTree ├── babel-generator@6.26.1
106 silly idealTree ├── babel-helper-bindify-decorators@6.24.1
106 silly idealTree ├── babel-helper-builder-binary-assignment-operator-visitor@6.24.1
106 silly idealTree ├── babel-helper-call-delegate@6.24.1
106 silly idealTree ├── babel-helper-define-map@6.26.0
106 silly idealTree ├── babel-helper-explode-assignable-expression@6.24.1
106 silly idealTree ├── babel-helper-explode-class@6.24.1
106 silly idealTree ├── babel-helper-function-name@6.24.1
106 silly idealTree ├── babel-helper-get-function-arity@6.24.1
106 silly idealTree ├── babel-helper-hoist-variables@6.24.1
106 silly idealTree ├── babel-helper-optimise-call-expression@6.24.1
106 silly idealTree ├── babel-helper-regex@6.26.0
106 silly idealTree ├── babel-helper-remap-async-to-generator@6.24.1
106 silly idealTree ├── babel-helper-replace-supers@6.24.1
106 silly idealTree ├── babel-helpers@6.24.1
106 silly idealTree ├── babel-messages@6.23.0
106 silly idealTree ├── babel-plugin-check-es2015-constants@6.22.0
106 silly idealTree ├── babel-plugin-syntax-async-functions@6.13.0
106 silly idealTree ├── babel-plugin-syntax-async-generators@6.13.0
106 silly idealTree ├── babel-plugin-syntax-class-constructor-call@6.18.0
106 silly idealTree ├── babel-plugin-syntax-class-properties@6.13.0
106 silly idealTree ├── babel-plugin-syntax-decorators@6.13.0
106 silly idealTree ├── babel-plugin-syntax-do-expressions@6.13.0
106 silly idealTree ├── babel-plugin-syntax-dynamic-import@6.18.0
106 silly idealTree ├── babel-plugin-syntax-exponentiation-operator@6.13.0
106 silly idealTree ├── babel-plugin-syntax-export-extensions@6.13.0
106 silly idealTree ├── babel-plugin-syntax-function-bind@6.13.0
106 silly idealTree ├── babel-plugin-syntax-object-rest-spread@6.13.0
106 silly idealTree ├── babel-plugin-syntax-trailing-function-commas@6.22.0
106 silly idealTree ├── babel-plugin-transform-async-generator-functions@6.24.1
106 silly idealTree ├── babel-plugin-transform-async-to-generator@6.24.1
106 silly idealTree ├── babel-plugin-transform-class-constructor-call@6.24.1
106 silly idealTree ├── babel-plugin-transform-class-properties@6.24.1
106 silly idealTree ├── babel-plugin-transform-decorators@6.24.1
106 silly idealTree ├── babel-plugin-transform-do-expressions@6.22.0
106 silly idealTree ├── babel-plugin-transform-es2015-arrow-functions@6.22.0
106 silly idealTree ├── babel-plugin-transform-es2015-block-scoped-functions@6.22.0
106 silly idealTree ├── babel-plugin-transform-es2015-block-scoping@6.26.0
106 silly idealTree ├── babel-plugin-transform-es2015-classes@6.24.1
106 silly idealTree ├── babel-plugin-transform-es2015-computed-properties@6.24.1
106 silly idealTree ├── babel-plugin-transform-es2015-destructuring@6.23.0
106 silly idealTree ├── babel-plugin-transform-es2015-duplicate-keys@6.24.1
106 silly idealTree ├── babel-plugin-transform-es2015-for-of@6.23.0
106 silly idealTree ├── babel-plugin-transform-es2015-function-name@6.24.1
106 silly idealTree ├── babel-plugin-transform-es2015-literals@6.22.0
106 silly idealTree ├── babel-plugin-transform-es2015-modules-amd@6.24.1
106 silly idealTree ├── babel-plugin-transform-es2015-modules-commonjs@6.26.0
106 silly idealTree ├── babel-plugin-transform-es2015-modules-systemjs@6.24.1
106 silly idealTree ├── babel-plugin-transform-es2015-modules-umd@6.24.1
106 silly idealTree ├── babel-plugin-transform-es2015-object-super@6.24.1
106 silly idealTree ├── babel-plugin-transform-es2015-parameters@6.24.1
106 silly idealTree ├── babel-plugin-transform-es2015-shorthand-properties@6.24.1
106 silly idealTree ├── babel-plugin-transform-es2015-spread@6.22.0
106 silly idealTree ├── babel-plugin-transform-es2015-sticky-regex@6.24.1
106 silly idealTree ├── babel-plugin-transform-es2015-template-literals@6.22.0
106 silly idealTree ├── babel-plugin-transform-es2015-typeof-symbol@6.23.0
106 silly idealTree ├── babel-plugin-transform-es2015-unicode-regex@6.24.1
106 silly idealTree ├── babel-plugin-transform-exponentiation-operator@6.24.1
106 silly idealTree ├── babel-plugin-transform-export-extensions@6.22.0
106 silly idealTree ├── babel-plugin-transform-function-bind@6.22.0
106 silly idealTree ├── babel-plugin-transform-object-rest-spread@6.26.0
106 silly idealTree ├── babel-plugin-transform-regenerator@6.26.0
106 silly idealTree ├── babel-plugin-transform-strict-mode@6.24.1
106 silly idealTree ├─┬ babel-polyfill@6.26.0
106 silly idealTree │ └── regenerator-runtime@0.10.5
106 silly idealTree ├── babel-preset-env@1.6.1
106 silly idealTree ├── babel-preset-stage-0@6.24.1
106 silly idealTree ├── babel-preset-stage-1@6.24.1
106 silly idealTree ├── babel-preset-stage-2@6.24.1
106 silly idealTree ├── babel-preset-stage-3@6.24.1
106 silly idealTree ├── babel-register@6.26.0
106 silly idealTree ├── babel-runtime@6.26.0
106 silly idealTree ├── babel-template@6.26.0
106 silly idealTree ├── babel-traverse@6.26.0
106 silly idealTree ├── babel-types@6.26.0
106 silly idealTree ├── babylon@6.18.0
106 silly idealTree ├── balanced-match@1.0.0
106 silly idealTree ├── binary-extensions@1.11.0
106 silly idealTree ├── brace-expansion@1.1.11
106 silly idealTree ├── braces@1.8.5
106 silly idealTree ├── browserslist@2.11.3
106 silly idealTree ├── caniuse-lite@1.0.30000830
106 silly idealTree ├── canvas-chart@1.3.0
106 silly idealTree ├── canvas@1.6.10
106 silly idealTree ├── chalk@1.1.3
106 silly idealTree ├── chokidar@1.7.0
106 silly idealTree ├── colors@1.2.1
106 silly idealTree ├── commander@2.15.1
106 silly idealTree ├── concat-map@0.0.1
106 silly idealTree ├── convert-source-map@1.5.1
106 silly idealTree ├── core-js@2.5.5
106 silly idealTree ├── core-util-is@1.0.2
106 silly idealTree ├── debug@2.6.9
106 silly idealTree ├── deepmerge@0.2.10
106 silly idealTree ├── detect-indent@4.0.0
106 silly idealTree ├── electron-to-chromium@1.3.42
106 silly idealTree ├── escape-string-regexp@1.0.5
106 silly idealTree ├── esutils@2.0.2
106 silly idealTree ├── expand-brackets@0.1.5
106 silly idealTree ├── expand-range@1.8.2
106 silly idealTree ├── extglob@0.3.2
106 silly idealTree ├── filename-regex@2.0.1
106 silly idealTree ├── fill-range@2.2.3
106 silly idealTree ├── for-in@1.0.2
106 silly idealTree ├── for-own@0.1.5
106 silly idealTree ├── fs-readdir-recursive@1.1.0
106 silly idealTree ├── fs.realpath@1.0.0
106 silly idealTree ├── fs@0.0.2
106 silly idealTree ├─┬ fsevents@1.1.3
106 silly idealTree │ ├── abbrev@1.1.0
106 silly idealTree │ ├── ajv@4.11.8
106 silly idealTree │ ├── ansi-regex@2.1.1
106 silly idealTree │ ├── aproba@1.1.1
106 silly idealTree │ ├── are-we-there-yet@1.1.4
106 silly idealTree │ ├── asn1@0.2.3
106 silly idealTree │ ├── assert-plus@0.2.0
106 silly idealTree │ ├── asynckit@0.4.0
106 silly idealTree │ ├── aws-sign2@0.6.0
106 silly idealTree │ ├── aws4@1.6.0
106 silly idealTree │ ├── balanced-match@0.4.2
106 silly idealTree │ ├── bcrypt-pbkdf@1.0.1
106 silly idealTree │ ├── block-stream@0.0.9
106 silly idealTree │ ├── boom@2.10.1
106 silly idealTree │ ├── brace-expansion@1.1.7
106 silly idealTree │ ├── buffer-shims@1.0.0
106 silly idealTree │ ├── caseless@0.12.0
106 silly idealTree │ ├── co@4.6.0
106 silly idealTree │ ├── code-point-at@1.1.0
106 silly idealTree │ ├── combined-stream@1.0.5
106 silly idealTree │ ├── concat-map@0.0.1
106 silly idealTree │ ├── console-control-strings@1.1.0
106 silly idealTree │ ├── core-util-is@1.0.2
106 silly idealTree │ ├── cryptiles@2.0.5
106 silly idealTree │ ├─┬ dashdash@1.14.1
106 silly idealTree │ │ └── assert-plus@1.0.0
106 silly idealTree │ ├── debug@2.6.8
106 silly idealTree │ ├── deep-extend@0.4.2
106 silly idealTree │ ├── delayed-stream@1.0.0
106 silly idealTree │ ├── delegates@1.0.0
106 silly idealTree │ ├── detect-libc@1.0.2
106 silly idealTree │ ├── ecc-jsbn@0.1.1
106 silly idealTree │ ├── extend@3.0.1
106 silly idealTree │ ├── extsprintf@1.0.2
106 silly idealTree │ ├── forever-agent@0.6.1
106 silly idealTree │ ├── form-data@2.1.4
106 silly idealTree │ ├── fs.realpath@1.0.0
106 silly idealTree │ ├── fstream-ignore@1.0.5
106 silly idealTree │ ├── fstream@1.0.11
106 silly idealTree │ ├── gauge@2.7.4
106 silly idealTree │ ├─┬ getpass@0.1.7
106 silly idealTree │ │ └── assert-plus@1.0.0
106 silly idealTree │ ├── glob@7.1.2
106 silly idealTree │ ├── graceful-fs@4.1.11
106 silly idealTree │ ├── har-schema@1.0.5
106 silly idealTree │ ├── har-validator@4.2.1
106 silly idealTree │ ├── has-unicode@2.0.1
106 silly idealTree │ ├── hawk@3.1.3
106 silly idealTree │ ├── hoek@2.16.3
106 silly idealTree │ ├── http-signature@1.1.1
106 silly idealTree │ ├── inflight@1.0.6
106 silly idealTree │ ├── inherits@2.0.3
106 silly idealTree │ ├── ini@1.3.4
106 silly idealTree │ ├── is-fullwidth-code-point@1.0.0
106 silly idealTree │ ├── is-typedarray@1.0.0
106 silly idealTree │ ├── isarray@1.0.0
106 silly idealTree │ ├── isstream@0.1.2
106 silly idealTree │ ├── jodid25519@1.0.2
106 silly idealTree │ ├── jsbn@0.1.1
106 silly idealTree │ ├── json-schema@0.2.3
106 silly idealTree │ ├── json-stable-stringify@1.0.1
106 silly idealTree │ ├── json-stringify-safe@5.0.1
106 silly idealTree │ ├── jsonify@0.0.0
106 silly idealTree │ ├─┬ jsprim@1.4.0
106 silly idealTree │ │ └── assert-plus@1.0.0
106 silly idealTree │ ├── mime-db@1.27.0
106 silly idealTree │ ├── mime-types@2.1.15
106 silly idealTree │ ├── minimatch@3.0.4
106 silly idealTree │ ├── minimist@0.0.8
106 silly idealTree │ ├── mkdirp@0.5.1
106 silly idealTree │ ├── ms@2.0.0
106 silly idealTree │ ├── node-pre-gyp@0.6.39
106 silly idealTree │ ├── nopt@4.0.1
106 silly idealTree │ ├── npmlog@4.1.0
106 silly idealTree │ ├── number-is-nan@1.0.1
106 silly idealTree │ ├── oauth-sign@0.8.2
106 silly idealTree │ ├── object-assign@4.1.1
106 silly idealTree │ ├── once@1.4.0
106 silly idealTree │ ├── os-homedir@1.0.2
106 silly idealTree │ ├── os-tmpdir@1.0.2
106 silly idealTree │ ├── osenv@0.1.4
106 silly idealTree │ ├── path-is-absolute@1.0.1
106 silly idealTree │ ├── performance-now@0.2.0
106 silly idealTree │ ├── process-nextick-args@1.0.7
106 silly idealTree │ ├── punycode@1.4.1
106 silly idealTree │ ├── qs@6.4.0
106 silly idealTree │ ├─┬ rc@1.2.1
106 silly idealTree │ │ └── minimist@1.2.0
106 silly idealTree │ ├── readable-stream@2.2.9
106 silly idealTree │ ├── request@2.81.0
106 silly idealTree │ ├── rimraf@2.6.1
106 silly idealTree │ ├── safe-buffer@5.0.1
106 silly idealTree │ ├── semver@5.3.0
106 silly idealTree │ ├── set-blocking@2.0.0
106 silly idealTree │ ├── signal-exit@3.0.2
106 silly idealTree │ ├── sntp@1.0.9
106 silly idealTree │ ├─┬ sshpk@1.13.0
106 silly idealTree │ │ └── assert-plus@1.0.0
106 silly idealTree │ ├── string_decoder@1.0.1
106 silly idealTree │ ├── string-width@1.0.2
106 silly idealTree │ ├── stringstream@0.0.5
106 silly idealTree │ ├── strip-ansi@3.0.1
106 silly idealTree │ ├── strip-json-comments@2.0.1
106 silly idealTree │ ├── tar-pack@3.4.0
106 silly idealTree │ ├── tar@2.2.1
106 silly idealTree │ ├── tough-cookie@2.3.2
106 silly idealTree │ ├── tunnel-agent@0.6.0
106 silly idealTree │ ├── tweetnacl@0.14.5
106 silly idealTree │ ├── uid-number@0.0.6
106 silly idealTree │ ├── util-deprecate@1.0.2
106 silly idealTree │ ├── uuid@3.0.1
106 silly idealTree │ ├── verror@1.3.6
106 silly idealTree │ ├── wide-align@1.1.2
106 silly idealTree │ └── wrappy@1.0.2
106 silly idealTree ├── glob-base@0.3.0
106 silly idealTree ├── glob-parent@2.0.0
106 silly idealTree ├── glob@7.1.2
106 silly idealTree ├── globals@9.18.0
106 silly idealTree ├── graceful-fs@4.1.11
106 silly idealTree ├── has-ansi@2.0.0
106 silly idealTree ├── home-or-tmp@2.0.0
106 silly idealTree ├── inflight@1.0.6
106 silly idealTree ├── inherits@2.0.3
106 silly idealTree ├── invariant@2.2.4
106 silly idealTree ├── is-binary-path@1.0.1
106 silly idealTree ├── is-buffer@1.1.6
106 silly idealTree ├── is-dotfile@1.0.3
106 silly idealTree ├── is-equal-shallow@0.1.3
106 silly idealTree ├── is-extendable@0.1.1
106 silly idealTree ├── is-extglob@1.0.0
106 silly idealTree ├── is-finite@1.0.2
106 silly idealTree ├── is-glob@2.0.1
106 silly idealTree ├── is-number@2.1.0
106 silly idealTree ├── is-posix-bracket@0.1.1
106 silly idealTree ├── is-primitive@2.0.0
106 silly idealTree ├── isarray@1.0.0
106 silly idealTree ├── isobject@2.1.0
106 silly idealTree ├── js-tokens@3.0.2
106 silly idealTree ├── jsesc@1.3.0
106 silly idealTree ├── json5@0.5.1
106 silly idealTree ├── kind-of@3.2.2
106 silly idealTree ├── lodash@4.17.5
106 silly idealTree ├── loose-envify@1.3.1
106 silly idealTree ├── micromatch@2.3.11
106 silly idealTree ├── minimatch@3.0.4
106 silly idealTree ├── minimist@0.0.8
106 silly idealTree ├── mkdirp@0.5.1
106 silly idealTree ├── ms@2.0.0
106 silly idealTree ├── nan@2.10.0
106 silly idealTree ├── normalize-path@2.1.1
106 silly idealTree ├── number-is-nan@1.0.1
106 silly idealTree ├── object-assign@4.1.1
106 silly idealTree ├── object.omit@2.0.1
106 silly idealTree ├── once@1.4.0
106 silly idealTree ├── os-homedir@1.0.2
106 silly idealTree ├── os-tmpdir@1.0.2
106 silly idealTree ├── output-file-sync@1.1.2
106 silly idealTree ├── parse-glob@3.0.4
106 silly idealTree ├── path-is-absolute@1.0.1
106 silly idealTree ├── path@0.4.10
106 silly idealTree ├── preserve@0.2.0
106 silly idealTree ├── private@0.1.8
106 silly idealTree ├── process-nextick-args@2.0.0
106 silly idealTree ├─┬ randomatic@1.1.7
106 silly idealTree │ ├─┬ is-number@3.0.0
106 silly idealTree │ │ └── kind-of@3.2.2
106 silly idealTree │ └── kind-of@4.0.0
106 silly idealTree ├── readable-stream@2.3.6
106 silly idealTree ├── readdirp@2.1.0
106 silly idealTree ├── regenerate@1.3.3
106 silly idealTree ├── regenerator-runtime@0.11.1
106 silly idealTree ├── regenerator-transform@0.10.1
106 silly idealTree ├── regex-cache@0.4.4
106 silly idealTree ├── regexpu-core@2.0.0
106 silly idealTree ├── regjsgen@0.2.0
106 silly idealTree ├─┬ regjsparser@0.1.5
106 silly idealTree │ └── jsesc@0.5.0
106 silly idealTree ├── remove-trailing-separator@1.1.0
106 silly idealTree ├── repeat-element@1.1.2
106 silly idealTree ├── repeat-string@1.6.1
106 silly idealTree ├── repeating@2.0.1
106 silly idealTree ├── safe-buffer@5.1.1
106 silly idealTree ├── semver@5.5.0
106 silly idealTree ├── set-immediate-shim@1.0.1
106 silly idealTree ├── slash@1.0.0
106 silly idealTree ├── source-map-support@0.4.18
106 silly idealTree ├── source-map@0.5.7
106 silly idealTree ├── string_decoder@1.1.1
106 silly idealTree ├── strip-ansi@3.0.1
106 silly idealTree ├── supports-color@2.0.0
106 silly idealTree ├── to-fast-properties@1.0.3
106 silly idealTree ├── trim-right@1.0.1
106 silly idealTree ├── user-home@1.1.1
106 silly idealTree ├── util-deprecate@1.0.2
106 silly idealTree ├── v8flags@2.1.1
106 silly idealTree └── wrappy@1.0.2
107 silly generateActionsToTake Starting
108 silly install generateActionsToTake
109 silly generateActionsToTake Finishing
110 silly diffTrees action count 2
111 silly diffTrees add canvas@1.6.10
112 silly diffTrees add canvas-chart@1.3.0
113 silly decomposeActions action count 16
114 silly decomposeActions fetch canvas@1.6.10
115 silly decomposeActions extract canvas@1.6.10
116 silly decomposeActions test canvas@1.6.10
117 silly decomposeActions preinstall canvas@1.6.10
118 silly decomposeActions build canvas@1.6.10
119 silly decomposeActions install canvas@1.6.10
120 silly decomposeActions postinstall canvas@1.6.10
121 silly decomposeActions finalize canvas@1.6.10
122 silly decomposeActions fetch canvas-chart@1.3.0
123 silly decomposeActions extract canvas-chart@1.3.0
124 silly decomposeActions test canvas-chart@1.3.0
125 silly decomposeActions preinstall canvas-chart@1.3.0
126 silly decomposeActions build canvas-chart@1.3.0
127 silly decomposeActions install canvas-chart@1.3.0
128 silly decomposeActions postinstall canvas-chart@1.3.0
129 silly decomposeActions finalize canvas-chart@1.3.0
130 silly runTopLevelLifecycles Starting
131 silly install runPreinstallTopLevelLifecycles
132 silly preinstall brain_game_project-s256@0.0.1 /home/tatiana/study/brain_game_project-s256-21161ab6
133 info lifecycle brain_game_project-s256@0.0.1~preinstall: brain_game_project-s256@0.0.1
134 silly lifecycle brain_game_project-s256@0.0.1~preinstall: no script for preinstall, continuing
135 silly executeActions Starting
136 silly install executeActions
137 silly doSerial global-install 0
138 silly doParallel fetch 2
139 verbose correctMkdir /home/tatiana/.npm/_locks correctMkdir not in flight; initializing
140 verbose lock using /home/tatiana/.npm/_locks/staging-d058f743ed89ef91.lock for /home/tatiana/study/node_modules/.staging
141 silly doParallel extract 2
142 silly extract canvas@1.6.10
143 silly extract canvas-chart@1.3.0
144 verbose unbuild node_modules/.staging/canvas-f9d9ddbe
145 verbose unbuild node_modules/.staging/canvas-chart-6286b33c
146 silly gentlyRm /home/tatiana/study/node_modules/.staging/canvas-f9d9ddbe is being purged from base /home/tatiana/study
147 verbose gentlyRm don't care about contents; nuking /home/tatiana/study/node_modules/.staging/canvas-f9d9ddbe
148 silly gentlyRm /home/tatiana/study/node_modules/.staging/canvas-chart-6286b33c is being purged from base /home/tatiana/study
149 verbose gentlyRm don't care about contents; nuking /home/tatiana/study/node_modules/.staging/canvas-chart-6286b33c
150 verbose tar unpack /home/tatiana/.npm/canvas/1.6.10/package.tgz
151 verbose tar unpacking to /home/tatiana/study/node_modules/.staging/canvas-f9d9ddbe
152 silly gentlyRm /home/tatiana/study/node_modules/.staging/canvas-f9d9ddbe is being purged
153 verbose gentlyRm don't care about contents; nuking /home/tatiana/study/node_modules/.staging/canvas-f9d9ddbe
154 verbose tar unpack /home/tatiana/.npm/canvas-chart/1.3.0/package.tgz
155 verbose tar unpacking to /home/tatiana/study/node_modules/.staging/canvas-chart-6286b33c
156 silly gentlyRm /home/tatiana/study/node_modules/.staging/canvas-chart-6286b33c is being purged
157 verbose gentlyRm don't care about contents; nuking /home/tatiana/study/node_modules/.staging/canvas-chart-6286b33c
158 silly gunzTarPerm modes [ '775', '664' ]
159 silly gunzTarPerm modes [ '775', '664' ]
160 silly gunzTarPerm extractEntry package.json
161 silly gunzTarPerm modified mode [ 'package.json', 420, 436 ]
162 silly gunzTarPerm extractEntry package.json
163 silly gunzTarPerm modified mode [ 'package.json', 420, 436 ]
164 silly gunzTarPerm extractEntry .travis.yml
165 silly gunzTarPerm modified mode [ '.travis.yml', 420, 436 ]
166 silly gunzTarPerm extractEntry binding.gyp
167 silly gunzTarPerm modified mode [ 'binding.gyp', 493, 509 ]
168 silly gunzTarPerm extractEntry .npmignore
169 silly gunzTarPerm extractEntry README.md
170 silly gunzTarPerm modified mode [ 'README.md', 420, 436 ]
171 silly gunzTarPerm extractEntry History.md
172 silly gunzTarPerm modified mode [ 'History.md', 420, 436 ]
173 silly gunzTarPerm extractEntry LICENSE
174 silly gunzTarPerm modified mode [ 'LICENSE', 420, 436 ]
175 silly gunzTarPerm extractEntry gulpfile.js
176 silly gunzTarPerm modified mode [ 'gulpfile.js', 420, 436 ]
177 silly gunzTarPerm extractEntry index.js
178 silly gunzTarPerm modified mode [ 'index.js', 420, 436 ]
179 silly gunzTarPerm extractEntry Readme.md
180 silly gunzTarPerm modified mode [ 'Readme.md', 420, 436 ]
181 silly gunzTarPerm extractEntry .github/ISSUE_TEMPLATE.md
182 silly gunzTarPerm modified mode [ '.github/ISSUE_TEMPLATE.md', 420, 436 ]
183 silly gunzTarPerm extractEntry index.js
184 silly gunzTarPerm extractEntry example/movies.png
185 silly gunzTarPerm modified mode [ 'example/movies.png', 420, 436 ]
186 silly gunzTarPerm extractEntry .vscode/c_cpp_properties.json
187 silly gunzTarPerm modified mode [ '.vscode/c_cpp_properties.json', 420, 436 ]
188 silly gunzTarPerm extractEntry .vscode/settings.json
189 silly gunzTarPerm modified mode [ '.vscode/settings.json', 420, 436 ]
190 silly gunzTarPerm extractEntry lib/bindings.js
191 silly gunzTarPerm modified mode [ 'lib/bindings.js', 420, 436 ]
192 silly gunzTarPerm extractEntry test/unit/tests.js
193 silly gunzTarPerm extractEntry lib/canvas.js
194 silly gunzTarPerm modified mode [ 'lib/canvas.js', 420, 436 ]
195 silly gunzTarPerm extractEntry lib/context2d.js
196 silly gunzTarPerm modified mode [ 'lib/context2d.js', 420, 436 ]
197 silly gunzTarPerm extractEntry lib/image.js
198 silly gunzTarPerm modified mode [ 'lib/image.js', 420, 436 ]
199 silly gunzTarPerm extractEntry lib/jpegstream.js
200 silly gunzTarPerm modified mode [ 'lib/jpegstream.js', 420, 436 ]
201 silly gunzTarPerm extractEntry lib/parse-font.js
202 silly gunzTarPerm modified mode [ 'lib/parse-font.js', 420, 436 ]
203 silly gunzTarPerm extractEntry lib/pdfstream.js
204 silly gunzTarPerm modified mode [ 'lib/pdfstream.js', 420, 436 ]
205 silly gunzTarPerm extractEntry lib/pngstream.js
206 silly gunzTarPerm modified mode [ 'lib/pngstream.js', 420, 436 ]
207 silly gunzTarPerm extractEntry src/Canvas.cc
208 silly gunzTarPerm modified mode [ 'src/Canvas.cc', 420, 436 ]
209 silly gunzTarPerm extractEntry src/Canvas.h
210 silly gunzTarPerm modified mode [ 'src/Canvas.h', 420, 436 ]
211 silly gunzTarPerm extractEntry src/CanvasGradient.cc
212 silly gunzTarPerm modified mode [ 'src/CanvasGradient.cc', 420, 436 ]
213 silly gunzTarPerm extractEntry src/CanvasGradient.h
214 silly gunzTarPerm modified mode [ 'src/CanvasGradient.h', 420, 436 ]
215 silly gunzTarPerm extractEntry src/CanvasPattern.cc
216 silly gunzTarPerm modified mode [ 'src/CanvasPattern.cc', 420, 436 ]
217 silly gunzTarPerm extractEntry src/CanvasPattern.h
218 silly gunzTarPerm modified mode [ 'src/CanvasPattern.h', 420, 436 ]
219 silly gunzTarPerm extractEntry src/CanvasRenderingContext2d.cc
220 silly gunzTarPerm modified mode [ 'src/CanvasRenderingContext2d.cc', 493, 509 ]
221 silly gunzTarPerm extractEntry src/CanvasRenderingContext2d.h
222 silly gunzTarPerm modified mode [ 'src/CanvasRenderingContext2d.h', 420, 436 ]
223 silly gentlyRm /home/tatiana/study/node_modules/.staging/canvas-chart-6286b33c/node_modules is being purged
224 verbose gentlyRm don't care about contents; nuking /home/tatiana/study/node_modules/.staging/canvas-chart-6286b33c/node_modules
225 silly gunzTarPerm extractEntry src/closure.h
226 silly gunzTarPerm modified mode [ 'src/closure.h', 420, 436 ]
227 silly gunzTarPerm extractEntry src/color.cc
228 silly gunzTarPerm modified mode [ 'src/color.cc', 420, 436 ]
229 silly gunzTarPerm extractEntry src/color.h
230 silly gunzTarPerm modified mode [ 'src/color.h', 420, 436 ]
231 silly gunzTarPerm extractEntry src/FontFace.cc
232 silly gunzTarPerm modified mode [ 'src/FontFace.cc', 493, 509 ]
233 silly gunzTarPerm extractEntry src/FontFace.h
234 silly gunzTarPerm modified mode [ 'src/FontFace.h', 420, 436 ]
235 silly gunzTarPerm extractEntry src/Image.cc
236 silly gunzTarPerm modified mode [ 'src/Image.cc', 420, 436 ]
237 silly gunzTarPerm extractEntry src/Image.h
238 silly gunzTarPerm modified mode [ 'src/Image.h', 420, 436 ]
239 silly gunzTarPerm extractEntry src/ImageData.cc
240 silly gunzTarPerm modified mode [ 'src/ImageData.cc', 420, 436 ]
241 silly gunzTarPerm extractEntry src/ImageData.h
242 silly gunzTarPerm modified mode [ 'src/ImageData.h', 420, 436 ]
243 silly gunzTarPerm extractEntry src/init.cc
244 silly gunzTarPerm modified mode [ 'src/init.cc', 493, 509 ]
245 silly gunzTarPerm extractEntry src/JPEGStream.h
246 silly gunzTarPerm modified mode [ 'src/JPEGStream.h', 420, 436 ]
247 silly gunzTarPerm extractEntry src/PNG.h
248 silly gunzTarPerm modified mode [ 'src/PNG.h', 420, 436 ]
249 silly gunzTarPerm extractEntry src/Point.h
250 silly gunzTarPerm modified mode [ 'src/Point.h', 420, 436 ]
251 silly gunzTarPerm extractEntry util/has_lib.sh
252 silly gunzTarPerm modified mode [ 'util/has_lib.sh', 493, 509 ]
253 silly gentlyRm /home/tatiana/study/node_modules/.staging/canvas-f9d9ddbe/node_modules is being purged
254 verbose gentlyRm don't care about contents; nuking /home/tatiana/study/node_modules/.staging/canvas-f9d9ddbe/node_modules
255 silly doParallel preinstall 2
256 silly preinstall canvas@1.6.10 /home/tatiana/study/node_modules/.staging/canvas-f9d9ddbe
257 info lifecycle canvas@1.6.10~preinstall: canvas@1.6.10
258 silly preinstall canvas-chart@1.3.0 /home/tatiana/study/node_modules/.staging/canvas-chart-6286b33c
259 info lifecycle canvas-chart@1.3.0~preinstall: canvas-chart@1.3.0
260 silly lifecycle canvas@1.6.10~preinstall: no script for preinstall, continuing
261 silly lifecycle canvas-chart@1.3.0~preinstall: no script for preinstall, continuing
262 silly doReverseSerial remove 0
263 silly doSerial move 0
264 silly doSerial finalize 2
265 silly finalize /home/tatiana/study/node_modules/canvas
266 silly finalize /home/tatiana/study/node_modules/canvas-chart
267 silly doSerial build 2
268 silly build canvas@1.6.10
269 info linkStuff canvas@1.6.10
270 silly linkStuff canvas@1.6.10 has /home/tatiana/study/node_modules as its parent node_modules
271 verbose linkBins canvas@1.6.10
272 verbose linkMans canvas@1.6.10
273 silly build canvas-chart@1.3.0
274 info linkStuff canvas-chart@1.3.0
275 silly linkStuff canvas-chart@1.3.0 has /home/tatiana/study/node_modules as its parent node_modules
276 verbose linkBins canvas-chart@1.3.0
277 verbose linkMans canvas-chart@1.3.0
278 silly doSerial global-link 0
279 silly doParallel update-linked 0
280 silly doSerial install 2
281 silly install canvas@1.6.10 /home/tatiana/study/node_modules/.staging/canvas-f9d9ddbe
282 info lifecycle canvas@1.6.10~install: canvas@1.6.10
283 verbose lifecycle canvas@1.6.10~install: unsafe-perm in lifecycle true
284 verbose lifecycle canvas@1.6.10~install: PATH: /home/tatiana/.nvm/versions/node/v6.10.2/lib/node_modules/npm/bin/node-gyp-bin:/home/tatiana/study/node_modules/canvas/node_modules/.bin:/home/tatiana/study/node_modules/.bin:/home/tatiana/.nvm/versions/node/v6.10.2/bin:/home/tatiana/.rvm/gems/ruby-2.1.5/bin:/home/tatiana/.rvm/gems/ruby-2.1.5@global/bin:/home/tatiana/.rvm/rubies/ruby-2.1.5/bin:/home/tatiana/bin:/home/tatiana/.local/bin:/usr/local/sbin:/usr/local/bin:/usr/sbin:/usr/bin:/sbin:/bin:/usr/games:/usr/local/games:/snap/bin:/home/tatiana/.rvm/bin:/home/tatiana/.rvm/bin
285 verbose lifecycle canvas@1.6.10~install: CWD: /home/tatiana/study/node_modules/canvas
286 silly lifecycle canvas@1.6.10~install: Args: [ '-c', 'node-gyp rebuild' ]
287 silly lifecycle canvas@1.6.10~install: Returned: code: 1  signal: null
288 info lifecycle canvas@1.6.10~install: Failed to exec install script
289 verbose unlock done using /home/tatiana/.npm/_locks/staging-d058f743ed89ef91.lock for /home/tatiana/study/node_modules/.staging
290 silly rollbackFailedOptional Starting
291 silly rollbackFailedOptional Finishing
292 silly runTopLevelLifecycles Finishing
293 silly install printInstalled
294 warn brain_game_project-s256@0.0.1 No description
295 verbose If you need help, you may report this error at:
295 verbose     <https://github.com/npm/npm/issues>
296 verbose stack Error: canvas@1.6.10 install: `node-gyp rebuild`
296 verbose stack Exit status 1
296 verbose stack     at EventEmitter.<anonymous> (/home/tatiana/.nvm/versions/node/v6.10.2/lib/node_modules/npm/lib/utils/lifecycle.js:255:16)
296 verbose stack     at emitTwo (events.js:106:13)
296 verbose stack     at EventEmitter.emit (events.js:191:7)
296 verbose stack     at ChildProcess.<anonymous> (/home/tatiana/.nvm/versions/node/v6.10.2/lib/node_modules/npm/lib/utils/spawn.js:40:14)
296 verbose stack     at emitTwo (events.js:106:13)
296 verbose stack     at ChildProcess.emit (events.js:191:7)
296 verbose stack     at maybeClose (internal/child_process.js:886:16)
296 verbose stack     at Process.ChildProcess._handle.onexit (internal/child_process.js:226:5)
297 verbose pkgid canvas@1.6.10
298 verbose cwd /home/tatiana/study
299 error Linux 4.13.0-38-generic
300 error argv "/home/tatiana/.nvm/versions/node/v6.10.2/bin/node" "/home/tatiana/.nvm/versions/node/v6.10.2/bin/npm" "install"
301 error node v6.10.2
302 error npm  v3.10.10
303 error code ELIFECYCLE
304 error canvas@1.6.10 install: `node-gyp rebuild`
304 error Exit status 1
305 error Failed at the canvas@1.6.10 install script 'node-gyp rebuild'.
305 error Make sure you have the latest version of node.js and npm installed.
305 error If you do, this is most likely a problem with the canvas package,
305 error not with npm itself.
305 error Tell the author that this fails on your system:
305 error     node-gyp rebuild
305 error You can get information on how to open an issue for this project with:
305 error     npm bugs canvas
305 error Or if that isn't available, you can get their info via:
305 error     npm owner ls canvas
305 error There is likely additional logging output above.
306 verbose exit [ 1, true ]
